{"E:\\React-Practice\\src\\Components\\Body.js": {"path":"E:\\React-Practice\\src\\Components\\Body.js","statementMap":{"0":{"start":{"line":8,"column":11},"end":{"line":77,"column":1}},"1":{"start":{"line":9,"column":37},"end":{"line":9,"column":54}},"2":{"start":{"line":10,"column":37},"end":{"line":10,"column":54}},"3":{"start":{"line":11,"column":37},"end":{"line":11,"column":50}},"4":{"start":{"line":23,"column":23},"end":{"line":23,"column":40}},"5":{"start":{"line":24,"column":4},"end":{"line":29,"column":7}},"6":{"start":{"line":25,"column":8},"end":{"line":29,"column":7}},"7":{"start":{"line":31,"column":6},"end":{"line":76,"column":5}},"8":{"start":{"line":40,"column":24},"end":{"line":40,"column":53}},"9":{"start":{"line":45,"column":41},"end":{"line":45,"column":130}},"10":{"start":{"line":45,"column":67},"end":{"line":45,"column":129}},"11":{"start":{"line":46,"column":24},"end":{"line":46,"column":49}},"12":{"start":{"line":52,"column":34},"end":{"line":52,"column":81}},"13":{"start":{"line":52,"column":60},"end":{"line":52,"column":80}},"14":{"start":{"line":53,"column":17},"end":{"line":53,"column":42}},"15":{"start":{"line":71,"column":20},"end":{"line":71,"column":138}}},"fnMap":{"0":{"name":"(anonymous_0)","decl":{"start":{"line":8,"column":11},"end":{"line":8,"column":12}},"loc":{"start":{"line":8,"column":15},"end":{"line":77,"column":1}},"line":8},"1":{"name":"(anonymous_1)","decl":{"start":{"line":39,"column":62},"end":{"line":39,"column":63}},"loc":{"start":{"line":39,"column":67},"end":{"line":41,"column":21}},"line":39},"2":{"name":"(anonymous_2)","decl":{"start":{"line":44,"column":29},"end":{"line":44,"column":30}},"loc":{"start":{"line":44,"column":33},"end":{"line":47,"column":21}},"line":44},"3":{"name":"(anonymous_3)","decl":{"start":{"line":45,"column":59},"end":{"line":45,"column":60}},"loc":{"start":{"line":45,"column":67},"end":{"line":45,"column":129}},"line":45},"4":{"name":"(anonymous_4)","decl":{"start":{"line":51,"column":25},"end":{"line":51,"column":26}},"loc":{"start":{"line":51,"column":29},"end":{"line":54,"column":17}},"line":51},"5":{"name":"(anonymous_5)","decl":{"start":{"line":52,"column":52},"end":{"line":52,"column":53}},"loc":{"start":{"line":52,"column":60},"end":{"line":52,"column":80}},"line":52},"6":{"name":"(anonymous_6)","decl":{"start":{"line":70,"column":32},"end":{"line":70,"column":33}},"loc":{"start":{"line":71,"column":20},"end":{"line":71,"column":138}},"line":71}},"branchMap":{"0":{"loc":{"start":{"line":24,"column":4},"end":{"line":29,"column":7}},"type":"if","locations":[{"start":{"line":24,"column":4},"end":{"line":29,"column":7}},{"start":{},"end":{}}],"line":24},"1":{"loc":{"start":{"line":31,"column":13},"end":{"line":76,"column":5}},"type":"cond-expr","locations":[{"start":{"line":32,"column":9},"end":{"line":32,"column":19}},{"start":{"line":33,"column":8},"end":{"line":74,"column":14}}],"line":31}},"s":{"0":1,"1":3,"2":3,"3":3,"4":3,"5":3,"6":0,"7":3,"8":1,"9":1,"10":20,"11":1,"12":0,"13":0,"14":0,"15":45},"f":{"0":3,"1":1,"2":1,"3":20,"4":0,"5":0,"6":45},"b":{"0":[0,3],"1":[0,3]},"_coverageSchema":"1a1c01bbd47fc00a2c39e90264f33305004495a9","hash":"07f2a3f9eacf2b31ca91b7ffcc9eee5eac77559d"}
,"E:\\React-Practice\\src\\Components\\Contact.js": {"path":"E:\\React-Practice\\src\\Components\\Contact.js","statementMap":{"0":{"start":{"line":1,"column":15},"end":{"line":22,"column":1}},"1":{"start":{"line":2,"column":4},"end":{"line":21,"column":5}}},"fnMap":{"0":{"name":"(anonymous_0)","decl":{"start":{"line":1,"column":15},"end":{"line":1,"column":16}},"loc":{"start":{"line":1,"column":19},"end":{"line":22,"column":1}},"line":1}},"branchMap":{},"s":{"0":1,"1":3},"f":{"0":3},"b":{},"_coverageSchema":"1a1c01bbd47fc00a2c39e90264f33305004495a9","hash":"73878093bf74ce8b4a2d0a08eb626d139edc0bb0"}
,"E:\\React-Practice\\src\\Components\\Header.js": {"path":"E:\\React-Practice\\src\\Components\\Header.js","statementMap":{"0":{"start":{"line":7,"column":13},"end":{"line":36,"column":1}},"1":{"start":{"line":8,"column":23},"end":{"line":8,"column":40}},"2":{"start":{"line":9,"column":23},"end":{"line":9,"column":40}},"3":{"start":{"line":10,"column":25},"end":{"line":10,"column":48}},"4":{"start":{"line":11,"column":20},"end":{"line":11,"column":60}},"5":{"start":{"line":11,"column":43},"end":{"line":11,"column":59}},"6":{"start":{"line":12,"column":4},"end":{"line":35,"column":5}},"7":{"start":{"line":28,"column":24},"end":{"line":28,"column":75}}},"fnMap":{"0":{"name":"(anonymous_0)","decl":{"start":{"line":7,"column":13},"end":{"line":7,"column":14}},"loc":{"start":{"line":7,"column":17},"end":{"line":36,"column":1}},"line":7},"1":{"name":"(anonymous_1)","decl":{"start":{"line":11,"column":32},"end":{"line":11,"column":33}},"loc":{"start":{"line":11,"column":43},"end":{"line":11,"column":59}},"line":11},"2":{"name":"(anonymous_2)","decl":{"start":{"line":27,"column":29},"end":{"line":27,"column":30}},"loc":{"start":{"line":27,"column":33},"end":{"line":29,"column":21}},"line":27}},"branchMap":{"0":{"loc":{"start":{"line":19,"column":40},"end":{"line":19,"column":66}},"type":"cond-expr","locations":[{"start":{"line":19,"column":55},"end":{"line":19,"column":59}},{"start":{"line":19,"column":62},"end":{"line":19,"column":66}}],"line":19},"1":{"loc":{"start":{"line":28,"column":24},"end":{"line":28,"column":74}},"type":"cond-expr","locations":[{"start":{"line":28,"column":40},"end":{"line":28,"column":56}},{"start":{"line":28,"column":59},"end":{"line":28,"column":74}}],"line":28}},"s":{"0":1,"1":5,"2":5,"3":5,"4":5,"5":9,"6":5,"7":1},"f":{"0":5,"1":9,"2":1},"b":{"0":[5,0],"1":[1,0]},"_coverageSchema":"1a1c01bbd47fc00a2c39e90264f33305004495a9","hash":"69d32316f25f3b34e68af3fb62cabc9b172879c7"}
,"E:\\React-Practice\\src\\Components\\RestaurantCard.js": {"path":"E:\\React-Practice\\src\\Components\\RestaurantCard.js","statementMap":{"0":{"start":{"line":4,"column":21},"end":{"line":24,"column":1}},"1":{"start":{"line":5,"column":20},"end":{"line":5,"column":25}},"2":{"start":{"line":6,"column":4},"end":{"line":6,"column":25}},"3":{"start":{"line":7,"column":25},"end":{"line":7,"column":48}},"4":{"start":{"line":8,"column":69},"end":{"line":8,"column":82}},"5":{"start":{"line":9,"column":4},"end":{"line":23,"column":5}}},"fnMap":{"0":{"name":"(anonymous_0)","decl":{"start":{"line":4,"column":21},"end":{"line":4,"column":22}},"loc":{"start":{"line":4,"column":30},"end":{"line":24,"column":1}},"line":4}},"branchMap":{},"s":{"0":2,"1":46,"2":46,"3":46,"4":46,"5":46},"f":{"0":46},"b":{},"_coverageSchema":"1a1c01bbd47fc00a2c39e90264f33305004495a9","hash":"f96b630cd5e901ddfae2d46b9e48e15c4d7153e9"}
,"E:\\React-Practice\\src\\Components\\Shimmer.js": {"path":"E:\\React-Practice\\src\\Components\\Shimmer.js","statementMap":{"0":{"start":{"line":3,"column":16},"end":{"line":11,"column":1}},"1":{"start":{"line":4,"column":2},"end":{"line":10,"column":3}}},"fnMap":{"0":{"name":"(anonymous_0)","decl":{"start":{"line":3,"column":16},"end":{"line":3,"column":17}},"loc":{"start":{"line":3,"column":22},"end":{"line":11,"column":1}},"line":3}},"branchMap":{},"s":{"0":1,"1":0},"f":{"0":0},"b":{},"_coverageSchema":"1a1c01bbd47fc00a2c39e90264f33305004495a9","hash":"e2324bddc7109409c35c88c23beb105b718878be"}
,"E:\\React-Practice\\src\\Components\\sum.js": {"path":"E:\\React-Practice\\src\\Components\\sum.js","statementMap":{"0":{"start":{"line":1,"column":17},"end":{"line":3,"column":1}},"1":{"start":{"line":2,"column":4},"end":{"line":2,"column":15}}},"fnMap":{"0":{"name":"(anonymous_0)","decl":{"start":{"line":1,"column":17},"end":{"line":1,"column":18}},"loc":{"start":{"line":1,"column":26},"end":{"line":3,"column":1}},"line":1}},"branchMap":{},"s":{"0":1,"1":1},"f":{"0":1},"b":{},"_coverageSchema":"1a1c01bbd47fc00a2c39e90264f33305004495a9","hash":"9e68f9066e6a20b6d32c18b8f903b6df15c053d5"}
,"E:\\React-Practice\\src\\utils\\UserContext.js": {"path":"E:\\React-Practice\\src\\utils\\UserContext.js","statementMap":{"0":{"start":{"line":3,"column":18},"end":{"line":5,"column":2}}},"fnMap":{},"branchMap":{},"s":{"0":3},"f":{},"b":{},"_coverageSchema":"1a1c01bbd47fc00a2c39e90264f33305004495a9","hash":"a2be889efb5e51257aa45f3f898b5aebfc5d2e86"}
,"E:\\React-Practice\\src\\utils\\appStore.js": {"path":"E:\\React-Practice\\src\\utils\\appStore.js","statementMap":{"0":{"start":{"line":4,"column":15},"end":{"line":8,"column":2}}},"fnMap":{},"branchMap":{},"s":{"0":1},"f":{},"b":{},"_coverageSchema":"1a1c01bbd47fc00a2c39e90264f33305004495a9","hash":"4371992e8b09c199cc38125558d7f887353bc97e"}
,"E:\\React-Practice\\src\\utils\\cartSlice.js": {"path":"E:\\React-Practice\\src\\utils\\cartSlice.js","statementMap":{"0":{"start":{"line":3,"column":16},"end":{"line":19,"column":2}},"1":{"start":{"line":10,"column":12},"end":{"line":10,"column":45}},"2":{"start":{"line":13,"column":12},"end":{"line":13,"column":30}},"3":{"start":{"line":16,"column":12},"end":{"line":16,"column":33}},"4":{"start":{"line":20,"column":44},"end":{"line":20,"column":61}}},"fnMap":{"0":{"name":"(anonymous_0)","decl":{"start":{"line":9,"column":17},"end":{"line":9,"column":18}},"loc":{"start":{"line":9,"column":35},"end":{"line":11,"column":9}},"line":9},"1":{"name":"(anonymous_1)","decl":{"start":{"line":12,"column":20},"end":{"line":12,"column":21}},"loc":{"start":{"line":12,"column":31},"end":{"line":14,"column":9}},"line":12},"2":{"name":"(anonymous_2)","decl":{"start":{"line":15,"column":19},"end":{"line":15,"column":20}},"loc":{"start":{"line":15,"column":30},"end":{"line":17,"column":9}},"line":15}},"branchMap":{},"s":{"0":1,"1":0,"2":0,"3":0,"4":1},"f":{"0":0,"1":0,"2":0},"b":{},"_coverageSchema":"1a1c01bbd47fc00a2c39e90264f33305004495a9","hash":"cc7dad6b9a2ff88c0cbfb446c13b5d72545a7359"}
,"E:\\React-Practice\\src\\utils\\constant.js": {"path":"E:\\React-Practice\\src\\utils\\constant.js","statementMap":{"0":{"start":{"line":1,"column":22},"end":{"line":1,"column":116}},"1":{"start":{"line":2,"column":21},"end":{"line":2,"column":104}},"2":{"start":{"line":3,"column":22},"end":{"line":3,"column":145}}},"fnMap":{},"branchMap":{},"s":{"0":3,"1":3,"2":3},"f":{},"b":{},"_coverageSchema":"1a1c01bbd47fc00a2c39e90264f33305004495a9","hash":"45e668b4d9e8462f929d7819fce6d577cb52fbc2"}
,"E:\\React-Practice\\src\\utils\\mockData.js": {"path":"E:\\React-Practice\\src\\utils\\mockData.js","statementMap":{"0":{"start":{"line":1,"column":14},"end":{"line":1976,"column":3}}},"fnMap":{},"branchMap":{},"s":{"0":1},"f":{},"b":{},"_coverageSchema":"1a1c01bbd47fc00a2c39e90264f33305004495a9","hash":"e91ea2f6a14b9a0d8d6aa9700d861b1a9a7155b4"}
,"E:\\React-Practice\\src\\utils\\useOnlineStatus.js": {"path":"E:\\React-Practice\\src\\utils\\useOnlineStatus.js","statementMap":{"0":{"start":{"line":3,"column":22},"end":{"line":15,"column":1}},"1":{"start":{"line":4,"column":41},"end":{"line":4,"column":55}},"2":{"start":{"line":5,"column":4},"end":{"line":12,"column":9}},"3":{"start":{"line":6,"column":8},"end":{"line":8,"column":11}},"4":{"start":{"line":7,"column":12},"end":{"line":7,"column":35}},"5":{"start":{"line":9,"column":8},"end":{"line":11,"column":11}},"6":{"start":{"line":10,"column":12},"end":{"line":10,"column":34}},"7":{"start":{"line":14,"column":4},"end":{"line":14,"column":24}}},"fnMap":{"0":{"name":"(anonymous_0)","decl":{"start":{"line":3,"column":22},"end":{"line":3,"column":23}},"loc":{"start":{"line":3,"column":26},"end":{"line":15,"column":1}},"line":3},"1":{"name":"(anonymous_1)","decl":{"start":{"line":5,"column":14},"end":{"line":5,"column":15}},"loc":{"start":{"line":5,"column":18},"end":{"line":12,"column":5}},"line":5},"2":{"name":"(anonymous_2)","decl":{"start":{"line":6,"column":42},"end":{"line":6,"column":43}},"loc":{"start":{"line":6,"column":46},"end":{"line":8,"column":9}},"line":6},"3":{"name":"(anonymous_3)","decl":{"start":{"line":9,"column":41},"end":{"line":9,"column":42}},"loc":{"start":{"line":9,"column":45},"end":{"line":11,"column":9}},"line":9}},"branchMap":{},"s":{"0":2,"1":8,"2":8,"3":5,"4":0,"5":5,"6":0,"7":8},"f":{"0":8,"1":5,"2":0,"3":0},"b":{},"_coverageSchema":"1a1c01bbd47fc00a2c39e90264f33305004495a9","hash":"a6cd6c4ebfba24108b2e5cc47ccd6bfe93ff2b9a"}
}
